<?xml version="1.0" encoding="UTF-8"?>
<!-- Generated by org.testng.reporters.JUnitReportReporter -->
<testsuite hostname="ITCRLPT599" failures="0" tests="1" name="com.Checkedin.testcases.Gridclass" time="8.623" errors="0" timestamp="2022-05-30T19:59:08 IST" skipped="0">
  <testcase classname="com.Checkedin.testcases.Gridclass" name="TestGrid" time="8.623"/>
  <system-out/>
</testsuite> <!-- com.Checkedin.testcases.Gridclass -->
